<?xml version="1.0" encoding="UTF-8"?>
<!-- Generated by org.testng.reporters.JUnitXMLReporter -->
<testsuite hostname="DESKTOP-MUKBM6R" failures="0" tests="4" name="Default test" time="74.811" errors="0" timestamp="25 Mar 2024 13:13:27 GMT">
  <testcase classname="test.BorsheimsTestCase1" name="NavigateWebsite" time="23.479"/>
  <testcase classname="test.BorsheimsTestCase1" name="searchRandomBrand" time="8.389"/>
  <testcase classname="test.BorsheimsTestCase1" name="addItemBag" time="21.978"/>
  <testcase classname="test.BorsheimsTestCase1" name="BagPageDisplay" time="11.627"/>
</testsuite> <!-- Default test -->
