<?xml version="1.0" encoding="UTF-8"?>
<!-- Generated by org.testng.reporters.JUnitXMLReporter -->
<testsuite hostname="DESKTOP-MUKBM6R" failures="0" tests="2" name="Default test" time="141.039" errors="0" timestamp="25 Mar 2024 09:26:52 GMT">
  <testcase classname="test.BorsheimsMain" name="readExecutionColumn" time="140.985"/>
  <testcase classname="test.BorsheimsMain" name="executeTestCase" time="0.003">
    <skipped/>
  </testcase> <!-- executeTestCase -->
</testsuite> <!-- Default test -->
