<?xml version="1.0" encoding="UTF-8"?>
<!-- Generated by org.testng.reporters.JUnitXMLReporter -->
<testsuite ignored="0" hostname="DESKTOP-MUKBM6R" failures="0" tests="4" name="Default test" time="87.852" errors="0" timestamp="2024-03-25T15:55:10 IST">
  <testcase classname="test.BorsheimsTestCase1" name="NavigateWebsite" time="25.574"/>
  <testcase classname="test.BorsheimsTestCase1" name="searchRandomBrand" time="12.016"/>
  <testcase classname="test.BorsheimsTestCase1" name="addItemBag" time="28.322"/>
  <testcase classname="test.BorsheimsTestCase1" name="BagPageDisplay" time="13.507"/>
</testsuite> <!-- Default test -->
