<?xml version="1.0" encoding="UTF-8"?>
<testng-results total="4" passed="4" failed="0" skipped="0">
  <reporter-output>
  </reporter-output>
  <suite started-at="2024-03-25T13:12:12Z" name="Default suite" finished-at="2024-03-25T13:13:27Z" duration-ms="74811">
    <groups>
    </groups>
    <test started-at="2024-03-25T13:12:12Z" name="Default test" finished-at="2024-03-25T13:13:27Z" duration-ms="74811">
      <class name="test.BorsheimsTestCase1">
        <test-method is-config="true" signature="setUpTest()[pri:0, instance:test.BorsheimsTestCase1@6d167f58]" started-at="2024-03-25T15:12:12Z" name="setUpTest" finished-at="2024-03-25T15:12:17Z" duration-ms="5125" status="PASS">
          <reporter-output>
          </reporter-output>
        </test-method> <!-- setUpTest -->
        <test-method signature="NavigateWebsite()[pri:0, instance:test.BorsheimsTestCase1@6d167f58]" started-at="2024-03-25T15:12:17Z" name="NavigateWebsite" finished-at="2024-03-25T15:12:40Z" duration-ms="23479" status="PASS">
          <reporter-output>
          </reporter-output>
        </test-method> <!-- NavigateWebsite -->
        <test-method signature="searchRandomBrand(java.lang.String)[pri:0, instance:test.BorsheimsTestCase1@6d167f58]" started-at="2024-03-25T15:12:40Z" name="searchRandomBrand" data-provider="brandNames" finished-at="2024-03-25T15:12:49Z" duration-ms="8389" status="PASS">
          <params>
            <param index="0">
              <value>
                <![CDATA[Baccarat]]>
              </value>
            </param>
          </params>
          <reporter-output>
          </reporter-output>
        </test-method> <!-- searchRandomBrand -->
        <test-method signature="addItemBag()[pri:0, instance:test.BorsheimsTestCase1@6d167f58]" started-at="2024-03-25T15:12:49Z" name="addItemBag" finished-at="2024-03-25T15:13:11Z" duration-ms="21978" status="PASS">
          <reporter-output>
          </reporter-output>
        </test-method> <!-- addItemBag -->
        <test-method signature="BagPageDisplay()[pri:0, instance:test.BorsheimsTestCase1@6d167f58]" started-at="2024-03-25T15:13:11Z" name="BagPageDisplay" finished-at="2024-03-25T15:13:22Z" duration-ms="11627" status="PASS">
          <reporter-output>
          </reporter-output>
        </test-method> <!-- BagPageDisplay -->
        <test-method is-config="true" signature="tearDown()[pri:0, instance:test.BorsheimsTestCase1@6d167f58]" started-at="2024-03-25T15:13:22Z" name="tearDown" finished-at="2024-03-25T15:13:27Z" duration-ms="4151" status="PASS">
          <reporter-output>
          </reporter-output>
        </test-method> <!-- tearDown -->
      </class> <!-- test.BorsheimsTestCase1 -->
    </test> <!-- Default test -->
  </suite> <!-- Default suite -->
</testng-results>
