<?xml version="1.0" encoding="UTF-8"?>
<testng-results total="2" passed="1" failed="1" skipped="0">
  <reporter-output>
  </reporter-output>
  <suite started-at="2024-03-24T12:48:23Z" name="Default suite" finished-at="2024-03-24T12:49:31Z" duration-ms="67752">
    <groups>
    </groups>
    <test started-at="2024-03-24T12:48:23Z" name="Default test" finished-at="2024-03-24T12:49:31Z" duration-ms="67752">
      <class name="test.BorsheimsMain">
        <test-method signature="readExecutionColumn()[pri:0, instance:test.BorsheimsMain@4a3e3e8b]" started-at="2024-03-24T14:48:23Z" name="readExecutionColumn" finished-at="2024-03-24T14:49:31Z" duration-ms="67672" status="PASS">
          <reporter-output>
          </reporter-output>
        </test-method> <!-- readExecutionColumn -->
        <test-method signature="executeTestCase(int)[pri:0, instance:test.BorsheimsMain@4a3e3e8b]" started-at="2024-03-24T14:49:31Z" name="executeTestCase" finished-at="2024-03-24T14:49:31Z" duration-ms="0" status="FAIL">
          <exception class="org.testng.TestNGException">
            <message>
              <![CDATA[
Method executeTestCase requires 1 parameters but 0 were supplied in the @Test annotation.]]>
            </message>
            <full-stacktrace>
              <![CDATA[org.testng.TestNGException: 
Method executeTestCase requires 1 parameters but 0 were supplied in the @Test annotation.
	at org.testng.internal.Parameters.checkParameterTypes(Parameters.java:198)
	at org.testng.internal.Parameters.createParameters(Parameters.java:134)
	at org.testng.internal.Parameters.createParameters(Parameters.java:370)
	at org.testng.internal.Parameters.handleParameters(Parameters.java:447)
	at org.testng.internal.Invoker.handleParameters(Invoker.java:1383)
	at org.testng.internal.Invoker.createParameters(Invoker.java:1075)
	at org.testng.internal.Invoker.invokeTestMethods(Invoker.java:1180)
	at org.testng.internal.TestMethodWorker.invokeTestMethods(TestMethodWorker.java:127)
	at org.testng.internal.TestMethodWorker.run(TestMethodWorker.java:111)
	at org.testng.TestRunner.privateRun(TestRunner.java:767)
	at org.testng.TestRunner.run(TestRunner.java:617)
	at org.testng.SuiteRunner.runTest(SuiteRunner.java:334)
	at org.testng.SuiteRunner.runSequentially(SuiteRunner.java:329)
	at org.testng.SuiteRunner.privateRun(SuiteRunner.java:291)
	at org.testng.SuiteRunner.run(SuiteRunner.java:240)
	at org.testng.SuiteRunnerWorker.runSuite(SuiteRunnerWorker.java:52)
	at org.testng.SuiteRunnerWorker.run(SuiteRunnerWorker.java:86)
	at org.testng.TestNG.runSuitesSequentially(TestNG.java:1198)
	at org.testng.TestNG.runSuitesLocally(TestNG.java:1123)
	at org.testng.TestNG.run(TestNG.java:1031)
	at org.testng.remote.AbstractRemoteTestNG.run(AbstractRemoteTestNG.java:115)
	at org.testng.remote.RemoteTestNG.initAndRun(RemoteTestNG.java:251)
	at org.testng.remote.RemoteTestNG.main(RemoteTestNG.java:77)
]]>
            </full-stacktrace>
          </exception> <!-- org.testng.TestNGException -->
          <reporter-output>
          </reporter-output>
        </test-method> <!-- executeTestCase -->
      </class> <!-- test.BorsheimsMain -->
    </test> <!-- Default test -->
  </suite> <!-- Default suite -->
</testng-results>
