<?xml version="1.0" encoding="UTF-8"?>
<!-- Generated by org.testng.reporters.JUnitXMLReporter -->
<testsuite ignored="0" hostname="DESKTOP-MUKBM6R" failures="0" tests="5" name="TestNormal4" time="58.132" errors="0" timestamp="2024-03-25T16:02:34 IST">
  <testcase classname="test.BorsheimsTestCase2" name="NavigateWebsite" time="17.101"/>
  <testcase classname="test.BorsheimsTestCase2" name="registerInformation" time="8.443"/>
  <testcase classname="test.BorsheimsTestCase2" name="usernameDisplayed" time="0.303"/>
  <testcase classname="test.BorsheimsTestCase2" name="logoutFunction" time="12.144"/>
  <testcase classname="test.BorsheimsTestCase2" name="loginInformation" time="13.882"/>
</testsuite> <!-- TestNormal4 -->
