<?xml version="1.0" encoding="UTF-8"?>
<!-- Generated by org.testng.reporters.JUnitXMLReporter -->
<testsuite ignored="0" hostname="DESKTOP-MUKBM6R" failures="0" tests="5" name="TestNormal1" time="72.515" errors="0" timestamp="2024-03-25T15:59:37 IST">
  <testcase classname="test.BorsheimsTestCase2" name="NavigateWebsite" time="29.698"/>
  <testcase classname="test.BorsheimsTestCase2" name="registerInformation" time="9.021"/>
  <testcase classname="test.BorsheimsTestCase2" name="usernameDisplayed" time="0.652"/>
  <testcase classname="test.BorsheimsTestCase2" name="logoutFunction" time="12.669"/>
  <testcase classname="test.BorsheimsTestCase2" name="loginInformation" time="11.753"/>
</testsuite> <!-- TestNormal1 -->
