<?xml version="1.0" encoding="UTF-8"?>
<!-- Generated by org.testng.reporters.JUnitXMLReporter -->
<testsuite ignored="0" hostname="DESKTOP-MUKBM6R" failures="0" tests="5" name="TestNormal5" time="58.663" errors="0" timestamp="2024-03-25T16:03:33 IST">
  <testcase classname="test.BorsheimsTestCase2" name="NavigateWebsite" time="16.428"/>
  <testcase classname="test.BorsheimsTestCase2" name="registerInformation" time="8.235"/>
  <testcase classname="test.BorsheimsTestCase2" name="usernameDisplayed" time="0.385"/>
  <testcase classname="test.BorsheimsTestCase2" name="logoutFunction" time="12.537"/>
  <testcase classname="test.BorsheimsTestCase2" name="loginInformation" time="14.705"/>
</testsuite> <!-- TestNormal5 -->
